     diagonalizing the dynamical matrix ...

 q =       0.0000      0.0000      0.0000
 **************************************************************************
     freq (    1) =     -42.413849 [THz] =   -1414.773727 [cm-1]
 ( -0.545701   0.000000     0.655311  -0.000000    -0.000359   0.000000   )
 (  0.043657  -0.000000    -0.156800   0.000000    -0.002252   0.000000   )
 (  0.365913  -0.000000    -0.335235   0.000000     0.002514  -0.000000   )
     freq (    2) =      -6.212863 [THz] =    -207.238797 [cm-1]
 (  0.007040   0.000000    -0.004755   0.000000    -0.000041   0.000000   )
 ( -0.012743   0.000000     0.011187   0.000000    -0.706938   0.000000   )
 (  0.006463   0.000000    -0.005368   0.000000     0.706971   0.000000   )
     freq (    3) =      -1.118578 [THz] =     -37.311732 [cm-1]
 ( -0.407241   0.000000     0.407672   0.000000     0.002483   0.000000   )
 ( -0.410967   0.000000     0.410402   0.000000     0.003492   0.000000   )
 ( -0.406469   0.000000     0.406690   0.000000     0.001496   0.000000   )
     freq (    4) =      -0.020476 [THz] =      -0.683002 [cm-1]
 (  0.009294   0.000000     0.012806   0.000000    -0.577132   0.000000   )
 (  0.009288   0.000000     0.012829   0.000000    -0.577120   0.000000   )
 (  0.009306   0.000000     0.012814   0.000000    -0.577147   0.000000   )
     freq (    5) =       0.774782 [THz] =      25.843941 [cm-1]
 ( -0.407968   0.000000    -0.407967   0.000000    -0.015663   0.000000   )
 ( -0.408059   0.000000    -0.408019   0.000000    -0.015989   0.000000   )
 ( -0.408390   0.000000    -0.408187   0.000000    -0.015265   0.000000   )
     freq (    6) =      18.593517 [THz] =     620.212976 [cm-1]
 (  0.251240   0.000000    -0.152404   0.000000    -0.001005   0.000000   )
 ( -0.613369   0.000000     0.470612   0.000000     0.014288   0.000000   )
 (  0.429930   0.000000    -0.361562   0.000000    -0.013539   0.000000   )
     freq (    7) =      25.091599 [THz] =     836.965636 [cm-1]
 (  0.003400   0.000000     0.003531   0.000000    -0.883214   0.000000   )
 (  0.004159   0.000000     0.003989   0.000000     0.331522   0.000000   )
 ( -0.006672   0.000000    -0.006611   0.000000     0.331483   0.000000   )
     freq (    8) =      41.437325 [THz] =    1382.200383 [cm-1]
 (  0.033881   0.000000     0.089899   0.000000     0.012076   0.000000   )
 (  0.422664   0.000000     0.518291   0.000000    -0.004160   0.000000   )
 ( -0.447704   0.000000    -0.585554   0.000000    -0.004895   0.000000   )
     freq (    9) =      71.149609 [THz] =    2373.295501 [cm-1]
 ( -0.660696   0.000000    -0.577551   0.000000    -0.004060   0.000000   )
 (  0.234568   0.000000     0.296563   0.000000     0.001424   0.000000   )
 (  0.261184   0.000000     0.136769   0.000000     0.001632   0.000000   )
 **************************************************************************
